2018-02-28 15:47:05,119  Test
2018-02-28 15:47:05,120  Validation result for fra1-wn-p002-cnx
2018-02-28 15:47:05,120  	Mandatory config lines missed: 
2018-02-28 15:47:05,120  		logging event link-status default
2018-02-28 15:47:05,120  		service unsupported-transceiver
2018-02-28 15:47:05,120  		errdisable recovery cause pause-rate-limit
2018-02-28 15:47:05,120  		errdisable recovery cause miscabling
2018-02-28 15:47:05,120  		port-channel load-balance ethernet source-dest-port
2018-02-28 15:47:05,121  		no ip igmp snooping
2018-02-28 15:47:05,121  		snmp-server user admin network-admin auth md5 0x4ebbbd2270486d393f7ed9d081f3d35b priv 0x4ebbbd2270486d393f7ed9d081f3d35b localizedkey
2018-02-28 15:47:05,121  		snmp-server user evogaming network-admin auth md5 0x4ebbbd2270486d393f7ed9d081f3d35b priv 0x4ebbbd2270486d393f7ed9d081f3d35b localizedkey
2018-02-28 15:47:05,121  		ntp distribute
2018-02-28 15:47:05,121  		ntp commit
2018-02-28 15:47:05,121  		aaa authentication login default group TacacsGroup local
2018-02-28 15:47:05,121  		aaa accounting default group TacacsGroup
2018-02-28 15:47:05,121  		aaa authentication login ascii-authentication
2018-02-28 15:47:05,121  		tacacs-server directed-request
2018-02-28 15:47:05,121  		spanning-tree port type edge bpduguard default
2018-02-28 15:47:05,121  		spanning-tree vlan 1-3967 priority 8192
2018-02-28 15:47:05,121  		spanning-tree pseudo-information
2018-02-28 15:47:05,121  
2018-02-28 15:47:05,122  	SYSLOG configuration: 
2018-02-28 15:47:05,124  		SYSLOG server not set
2018-02-28 15:47:05,125  
2018-02-28 15:47:05,125  	Users validation:
2018-02-28 15:47:05,127  	User missing:
2018-02-28 15:47:05,128  		username admin password 5 $1$axjLk2q3$eZj.8dWWChj3bR0YEemND1  role network-admin
2018-02-28 15:47:05,128  		username evogaming password 5 $1$FN/4pmVr$.KyzWEyIt21kEr9Kgm5BC.  role network-admin
2018-02-28 15:47:05,128  
2018-02-28 15:47:05,128  	Redundant users:
2018-02-28 15:47:05,128  		username admin password 5 $5$SQy/tmIj$42hkukNe4ROx4Hs88YzMfOZjdR4r31IZ9l7zwbeElnC  role network-admin
2018-02-28 15:47:05,128  		username admin role network-operator
2018-02-28 15:47:05,128  		username evogaming password 5 $5$FLcMhC4I$CLGR7q1xQYCrbLSYvYAC.xXjRu.cweX/Eldzu3wL5T.  role network-admin
2018-02-28 15:47:05,128  		username wan01tMonitor password 5 $5$6DpGqjNm$mHA2Oiscoo571Iobq9mBAUuIC40E40ZC3Tz41xsnec8  role network-operator
2018-02-28 15:47:05,128  
2018-02-28 15:47:05,128  	NTP config validation:
2018-02-28 15:47:05,128  	NTP server config missing:
2018-02-28 15:47:05,128  		ntp server 10.30.235.210 prefer use-vrf management
2018-02-28 15:47:05,128  		ntp server 10.30.9.210 prefer use-vrf management
2018-02-28 15:47:05,128  	NTP server redundant config:
2018-02-28 15:47:05,128  		ntp server 10.30.10.220 use-vrf management
2018-02-28 15:47:05,128  		ntp server 10.30.10.221 use-vrf management
2018-02-28 15:47:05,128  
2018-02-28 15:47:05,129  fra1-wn-p002-cnx: finished
2018-02-28 15:47:05,129  Validation result for fra1-wn-p001-cnx
2018-02-28 15:47:05,129  	Mandatory config lines missed: 
2018-02-28 15:47:05,129  		logging event link-status default
2018-02-28 15:47:05,129  		service unsupported-transceiver
2018-02-28 15:47:05,130  		errdisable recovery cause pause-rate-limit
2018-02-28 15:47:05,130  		errdisable recovery cause miscabling
2018-02-28 15:47:05,130  		port-channel load-balance ethernet source-dest-port
2018-02-28 15:47:05,130  		snmp-server user admin network-admin auth md5 0x4ebbbd2270486d393f7ed9d081f3d35b priv 0x4ebbbd2270486d393f7ed9d081f3d35b localizedkey
2018-02-28 15:47:05,130  		snmp-server user evogaming network-admin auth md5 0x4ebbbd2270486d393f7ed9d081f3d35b priv 0x4ebbbd2270486d393f7ed9d081f3d35b localizedkey
2018-02-28 15:47:05,130  		ntp distribute
2018-02-28 15:47:05,130  		ntp commit
2018-02-28 15:47:05,130  		aaa authentication login default group TacacsGroup local
2018-02-28 15:47:05,130  		aaa accounting default group TacacsGroup
2018-02-28 15:47:05,130  		aaa authentication login ascii-authentication
2018-02-28 15:47:05,131  		tacacs-server directed-request
2018-02-28 15:47:05,131  		spanning-tree port type edge bpduguard default
2018-02-28 15:47:05,131  		spanning-tree vlan 1-3967 priority 8192
2018-02-28 15:47:05,131  		spanning-tree pseudo-information
2018-02-28 15:47:05,131  
2018-02-28 15:47:05,131  	SYSLOG configuration: 
2018-02-28 15:47:05,134  		SYSLOG server not set
2018-02-28 15:47:05,134  
2018-02-28 15:47:05,134  	Users validation:
2018-02-28 15:47:05,137  	User missing:
2018-02-28 15:47:05,137  		username admin password 5 $1$axjLk2q3$eZj.8dWWChj3bR0YEemND1  role network-admin
2018-02-28 15:47:05,137  		username evogaming password 5 $1$FN/4pmVr$.KyzWEyIt21kEr9Kgm5BC.  role network-admin
2018-02-28 15:47:05,137  
2018-02-28 15:47:05,137  	Redundant users:
2018-02-28 15:47:05,137  		username admin password 5 $5$SQy/tmIj$42hkukNe4ROx4Hs88YzMfOZjdR4r31IZ9l7zwbeElnC  role network-admin
2018-02-28 15:47:05,137  		username admin role network-operator
2018-02-28 15:47:05,137  		username evogaming password 5 $5$FLcMhC4I$CLGR7q1xQYCrbLSYvYAC.xXjRu.cweX/Eldzu3wL5T.  role network-admin
2018-02-28 15:47:05,137  		username wan01tMonitor password 5 $5$SU7rbV0j$WxQbuRDLLO2GRqgffSXk9mUQ8YKwkEy0hxASOGwQSL1  role network-operator
2018-02-28 15:47:05,137  
2018-02-28 15:47:05,137  	NTP config validation:
2018-02-28 15:47:05,137  	NTP server config missing:
2018-02-28 15:47:05,137  		ntp server 10.30.235.210 prefer use-vrf management
2018-02-28 15:47:05,137  		ntp server 10.30.9.210 prefer use-vrf management
2018-02-28 15:47:05,138  	NTP server redundant config:
2018-02-28 15:47:05,138  		ntp server 10.30.10.220 use-vrf management
2018-02-28 15:47:05,138  		ntp server 10.30.10.221 use-vrf management
2018-02-28 15:47:05,138  
2018-02-28 15:47:05,138  fra1-wn-p001-cnx: finished
2018-02-28 15:47:05,138  Validation result for rix3-03-t021-cnx
2018-02-28 15:47:05,138  	Mandatory config lines missed: 
2018-02-28 15:47:05,138  		no password strength-check
2018-02-28 15:47:05,138  		service unsupported-transceiver
2018-02-28 15:47:05,138  		no ip igmp snooping
2018-02-28 15:47:05,138  		snmp-server user admin network-admin auth md5 0x4ebbbd2270486d393f7ed9d081f3d35b priv 0x4ebbbd2270486d393f7ed9d081f3d35b localizedkey
2018-02-28 15:47:05,139  		clock timezone GMT 0 0
2018-02-28 15:47:05,139  
2018-02-28 15:47:05,139  	SYSLOG configuration: 
2018-02-28 15:47:05,141  	Redundant SYSLOG config
2018-02-28 15:47:05,141  		logging server 10.30.230.90 7 use-vrf management
2018-02-28 15:47:05,141  
2018-02-28 15:47:05,141  	Users validation:
2018-02-28 15:47:05,144  	User missing:
2018-02-28 15:47:05,144  		username admin password 5 $1$axjLk2q3$eZj.8dWWChj3bR0YEemND1  role network-admin
2018-02-28 15:47:05,144  		username evogaming password 5 $1$FN/4pmVr$.KyzWEyIt21kEr9Kgm5BC.  role network-admin
2018-02-28 15:47:05,144  
2018-02-28 15:47:05,144  	Redundant users:
2018-02-28 15:47:05,145  		username admin password 5 $1$tRBNy9Ie$v4FEJ1OhRqb96bujqwNNP/  role network-admin
2018-02-28 15:47:05,145  		username evogaming password 5 !  role network-admin
2018-02-28 15:47:05,145  
2018-02-28 15:47:05,145  	NTP config validation:
2018-02-28 15:47:05,145  	NTP server config missing:
2018-02-28 15:47:05,145  		ntp server 10.30.9.210 prefer use-vrf management
2018-02-28 15:47:05,145  	NTP server redundant config:
2018-02-28 15:47:05,145  		ntp server 10.30.9.210 use-vrf management
2018-02-28 15:47:05,145  
2018-02-28 15:47:05,145  rix3-03-t021-cnx: finished
2018-02-28 15:47:05,146  Validation result for rix3-03-t020-cnx
2018-02-28 15:47:05,146  	Mandatory config lines missed: 
2018-02-28 15:47:05,146  		service unsupported-transceiver
2018-02-28 15:47:05,146  		no ip igmp snooping
2018-02-28 15:47:05,146  		snmp-server user admin network-admin auth md5 0x4ebbbd2270486d393f7ed9d081f3d35b priv 0x4ebbbd2270486d393f7ed9d081f3d35b localizedkey
2018-02-28 15:47:05,146  
2018-02-28 15:47:05,147  	SYSLOG configuration: 
2018-02-28 15:47:05,149  	Redundant SYSLOG config
2018-02-28 15:47:05,150  		logging server 10.30.230.90 7 use-vrf management
2018-02-28 15:47:05,150  
2018-02-28 15:47:05,150  	Users validation:
2018-02-28 15:47:05,152  	User missing:
2018-02-28 15:47:05,152  		username admin password 5 $1$axjLk2q3$eZj.8dWWChj3bR0YEemND1  role network-admin
2018-02-28 15:47:05,152  
2018-02-28 15:47:05,152  	Redundant users:
2018-02-28 15:47:05,153  		username admin password 5 $1$IS5TkEyj$e4uM8OJ4cPFdEmrnJF8vP1  role network-admin
2018-02-28 15:47:05,153  
2018-02-28 15:47:05,153  	NTP config validation:
2018-02-28 15:47:05,153  	NTP server config missing:
2018-02-28 15:47:05,153  		ntp server 10.30.9.210 prefer use-vrf management
2018-02-28 15:47:05,153  	NTP server redundant config:
2018-02-28 15:47:05,153  		ntp server 10.30.9.210 use-vrf management
2018-02-28 15:47:05,153  
2018-02-28 15:47:05,153  rix3-03-t020-cnx: finished
2018-02-28 15:47:05,153  Validation result for mlt1-04-p198-cnx
2018-02-28 15:47:05,153  	Mandatory config lines missed: 
2018-02-28 15:47:05,154  		logging event link-status default
2018-02-28 15:47:05,154  		service unsupported-transceiver
2018-02-28 15:47:05,154  		errdisable recovery cause pause-rate-limit
2018-02-28 15:47:05,154  		errdisable recovery cause miscabling
2018-02-28 15:47:05,154  		port-channel load-balance ethernet source-dest-port
2018-02-28 15:47:05,154  		snmp-server user admin network-admin auth md5 0x4ebbbd2270486d393f7ed9d081f3d35b priv 0x4ebbbd2270486d393f7ed9d081f3d35b localizedkey
2018-02-28 15:47:05,154  		snmp-server user evogaming network-admin auth md5 0x4ebbbd2270486d393f7ed9d081f3d35b priv 0x4ebbbd2270486d393f7ed9d081f3d35b localizedkey
2018-02-28 15:47:05,154  		ntp distribute
2018-02-28 15:47:05,154  		ntp commit
2018-02-28 15:47:05,154  		aaa authentication login default group TacacsGroup local
2018-02-28 15:47:05,154  		aaa accounting default group TacacsGroup
2018-02-28 15:47:05,154  		aaa authentication login ascii-authentication
2018-02-28 15:47:05,155  		tacacs-server directed-request
2018-02-28 15:47:05,155  		spanning-tree port type edge bpduguard default
2018-02-28 15:47:05,155  		spanning-tree vlan 1-3967 priority 8192
2018-02-28 15:47:05,155  		spanning-tree pseudo-information
2018-02-28 15:47:05,155  		policy-map type network-qos jumbo
2018-02-28 15:47:05,155  		system qos
2018-02-28 15:47:05,155  
2018-02-28 15:47:05,155  	SYSLOG configuration: 
2018-02-28 15:47:05,158  	Redundant SYSLOG config
2018-02-28 15:47:05,158  		logging server 10.40.36.7
2018-02-28 15:47:05,158  
2018-02-28 15:47:05,158  	Users validation:
2018-02-28 15:47:05,160  	User missing:
2018-02-28 15:47:05,160  		username admin password 5 $1$axjLk2q3$eZj.8dWWChj3bR0YEemND1  role network-admin
2018-02-28 15:47:05,160  		username evogaming password 5 $1$FN/4pmVr$.KyzWEyIt21kEr9Kgm5BC.  role network-admin
2018-02-28 15:47:05,160  
2018-02-28 15:47:05,161  	Redundant users:
2018-02-28 15:47:05,161  		username admin password 5 $5$SQy/tmIj$42hkukNe4ROx4Hs88YzMfOZjdR4r31IZ9l7zwbeElnC  role network-admin
2018-02-28 15:47:05,161  		username admin role network-operator
2018-02-28 15:47:05,161  		username evogaming password 5 $5$FLcMhC4I$CLGR7q1xQYCrbLSYvYAC.xXjRu.cweX/Eldzu3wL5T.  role network-admin
2018-02-28 15:47:05,161  
2018-02-28 15:47:05,161  	NTP config validation:
2018-02-28 15:47:05,161  	NTP server config missing:
2018-02-28 15:47:05,161  		ntp server 10.30.235.210 prefer use-vrf management
2018-02-28 15:47:05,161  		ntp server 10.30.9.210 prefer use-vrf management
2018-02-28 15:47:05,161  	NTP server redundant config:
2018-02-28 15:47:05,161  		ntp server 10.30.9.210 use-vrf default
2018-02-28 15:47:05,161  		ntp server 10.30.235.210 use-vrf default
2018-02-28 15:47:05,161  
2018-02-28 15:47:05,161  mlt1-04-p198-cnx: finished
2018-02-28 15:47:05,162  Validation result for mlt1-04-p199-cnx
2018-02-28 15:47:05,162  	Mandatory config lines missed: 
2018-02-28 15:47:05,162  		logging event link-status default
2018-02-28 15:47:05,162  		service unsupported-transceiver
2018-02-28 15:47:05,162  		errdisable recovery cause pause-rate-limit
2018-02-28 15:47:05,162  		errdisable recovery cause miscabling
2018-02-28 15:47:05,162  		port-channel load-balance ethernet source-dest-port
2018-02-28 15:47:05,162  		no ip igmp snooping
2018-02-28 15:47:05,162  		snmp-server user admin network-admin auth md5 0x4ebbbd2270486d393f7ed9d081f3d35b priv 0x4ebbbd2270486d393f7ed9d081f3d35b localizedkey
2018-02-28 15:47:05,162  		snmp-server user evogaming network-admin auth md5 0x4ebbbd2270486d393f7ed9d081f3d35b priv 0x4ebbbd2270486d393f7ed9d081f3d35b localizedkey
2018-02-28 15:47:05,162  		ntp distribute
2018-02-28 15:47:05,162  		ntp commit
2018-02-28 15:47:05,162  		aaa authentication login default group TacacsGroup local
2018-02-28 15:47:05,163  		aaa accounting default group TacacsGroup
2018-02-28 15:47:05,163  		aaa authentication login ascii-authentication
2018-02-28 15:47:05,163  		tacacs-server directed-request
2018-02-28 15:47:05,163  		spanning-tree port type edge bpduguard default
2018-02-28 15:47:05,163  		spanning-tree vlan 1-3967 priority 8192
2018-02-28 15:47:05,163  		spanning-tree pseudo-information
2018-02-28 15:47:05,163  		policy-map type network-qos jumbo
2018-02-28 15:47:05,163  		system qos
2018-02-28 15:47:05,163  
2018-02-28 15:47:05,163  	SYSLOG configuration: 
2018-02-28 15:47:05,166  	Redundant SYSLOG config
2018-02-28 15:47:05,166  		logging server 10.40.36.7
2018-02-28 15:47:05,166  
2018-02-28 15:47:05,166  	Users validation:
2018-02-28 15:47:05,169  	User missing:
2018-02-28 15:47:05,169  		username admin password 5 $1$axjLk2q3$eZj.8dWWChj3bR0YEemND1  role network-admin
2018-02-28 15:47:05,169  		username evogaming password 5 $1$FN/4pmVr$.KyzWEyIt21kEr9Kgm5BC.  role network-admin
2018-02-28 15:47:05,169  
2018-02-28 15:47:05,169  	Redundant users:
2018-02-28 15:47:05,169  		username admin password 5 $5$zh60RehQ$IOyYx79hSfuuJauuYOq8X/4V9iNIRHqdPa7tvTVSb2D  role network-admin
2018-02-28 15:47:05,169  		username evogaming password 5 $5$L/A5Uisp$z5Do3xgqUMbWkNcS4H/.mq5M5ArUmzobdy2HIXR4pl3  role network-admin
2018-02-28 15:47:05,169  
2018-02-28 15:47:05,169  	NTP config validation:
2018-02-28 15:47:05,169  	NTP server config missing:
2018-02-28 15:47:05,169  		ntp server 10.30.235.210 prefer use-vrf management
2018-02-28 15:47:05,169  		ntp server 10.30.9.210 prefer use-vrf management
2018-02-28 15:47:05,169  	NTP server redundant config:
2018-02-28 15:47:05,169  		ntp server 10.30.9.210 use-vrf default
2018-02-28 15:47:05,169  		ntp server 10.30.235.210 use-vrf default
2018-02-28 15:47:05,169  
2018-02-28 15:47:05,169  mlt1-04-p199-cnx: finished
2018-02-28 15:47:05,170  Validation result for rix1-02-p198-cnx
2018-02-28 15:47:05,170  	Mandatory config lines missed: 
2018-02-28 15:47:05,170  		tacacs-server directed-request
2018-02-28 15:47:05,170  
2018-02-28 15:47:05,170  	SYSLOG configuration: 
2018-02-28 15:47:05,175  	Redundant SYSLOG config
2018-02-28 15:47:05,175  		logging server 10.30.230.90 7 use-vrf management
2018-02-28 15:47:05,175  
2018-02-28 15:47:05,175  	Users validation:
2018-02-28 15:47:05,179  	User missing:
2018-02-28 15:47:05,180  		username evogaming password 5 $1$FN/4pmVr$.KyzWEyIt21kEr9Kgm5BC.  role network-admin
2018-02-28 15:47:05,180  
2018-02-28 15:47:05,180  	Redundant users:
2018-02-28 15:47:05,180  		username evogaming password 5 $1$FN/4pmVr$.KyzWEyIt21kEr9Kgm5BC.  role network-operator
2018-02-28 15:47:05,180  		username evogaming role network-admin
2018-02-28 15:47:05,180  
2018-02-28 15:47:05,180  	NTP config validation:
2018-02-28 15:47:05,180  	NTP server config missing:
2018-02-28 15:47:05,180  
2018-02-28 15:47:05,180  rix1-02-p198-cnx: finished
2018-02-28 15:47:05,181  Validation result for rix1-02-p199-cnx
2018-02-28 15:47:05,181  	Mandatory config lines missed: 
2018-02-28 15:47:05,181  
2018-02-28 15:47:05,181  	SYSLOG configuration: 
2018-02-28 15:47:05,185  	Redundant SYSLOG config
2018-02-28 15:47:05,185  		logging server 10.30.230.90 7 use-vrf management
2018-02-28 15:47:05,185  
2018-02-28 15:47:05,185  	Users validation:
2018-02-28 15:47:05,190  	User missing:
2018-02-28 15:47:05,190  		username evogaming password 5 $1$FN/4pmVr$.KyzWEyIt21kEr9Kgm5BC.  role network-admin
2018-02-28 15:47:05,190  
2018-02-28 15:47:05,190  	Redundant users:
2018-02-28 15:47:05,190  		username evogaming password 5 $1$FN/4pmVr$.KyzWEyIt21kEr9Kgm5BC.  role network-operator
2018-02-28 15:47:05,190  		username evogaming role network-admin
2018-02-28 15:47:05,190  
2018-02-28 15:47:05,190  	NTP config validation:
2018-02-28 15:47:05,190  	NTP server config missing:
2018-02-28 15:47:05,190  
2018-02-28 15:47:05,190  rix1-02-p199-cnx: finished
2018-02-28 15:47:05,191  Validation result for hkg2-05-p004-cnx
2018-02-28 15:47:05,191  	Mandatory config lines missed: 
2018-02-28 15:47:05,191  		logging event link-status default
2018-02-28 15:47:05,191  		errdisable recovery cause pause-rate-limit
2018-02-28 15:47:05,191  		errdisable recovery cause miscabling
2018-02-28 15:47:05,191  		port-channel load-balance ethernet source-dest-port
2018-02-28 15:47:05,191  		ntp distribute
2018-02-28 15:47:05,191  		ntp commit
2018-02-28 15:47:05,191  		aaa authentication login default group TacacsGroup local
2018-02-28 15:47:05,191  		aaa accounting default group TacacsGroup
2018-02-28 15:47:05,191  		aaa authentication login ascii-authentication
2018-02-28 15:47:05,191  		tacacs-server directed-request
2018-02-28 15:47:05,191  		spanning-tree port type edge bpduguard default
2018-02-28 15:47:05,191  		spanning-tree vlan 1-3967 priority 8192
2018-02-28 15:47:05,191  		spanning-tree pseudo-information
2018-02-28 15:47:05,191  
2018-02-28 15:47:05,192  	SYSLOG configuration: 
2018-02-28 15:47:05,193  	Redundant SYSLOG config
2018-02-28 15:47:05,193  		logging server 10.1.13.122 5 use-vrf management
2018-02-28 15:47:05,193  
2018-02-28 15:47:05,193  	Users validation:
2018-02-28 15:47:05,194  	User missing:
2018-02-28 15:47:05,194  
2018-02-28 15:47:05,194  	NTP config validation:
2018-02-28 15:47:05,194  	NTP server config missing:
2018-02-28 15:47:05,194  		ntp server 10.30.235.210 prefer use-vrf management
2018-02-28 15:47:05,194  		ntp server 10.30.9.210 prefer use-vrf management
2018-02-28 15:47:05,194  	NTP server redundant config:
2018-02-28 15:47:05,194  		ntp server 10.30.9.210 use-vrf management
2018-02-28 15:47:05,194  		ntp server 10.30.235.210 use-vrf management
2018-02-28 15:47:05,194  
2018-02-28 15:47:05,195  hkg2-05-p004-cnx: finished
2018-02-28 15:47:05,195  Validation result for rix3-03-p031-cnx
2018-02-28 15:47:05,195  	Mandatory config lines missed: 
2018-02-28 15:47:05,195  		logging event link-status default
2018-02-28 15:47:05,195  		logging event trunk-status default
2018-02-28 15:47:05,195  		errdisable recovery cause link-flap
2018-02-28 15:47:05,195  		errdisable recovery cause udld
2018-02-28 15:47:05,195  		errdisable recovery cause bpduguard
2018-02-28 15:47:05,195  		errdisable recovery cause loopback
2018-02-28 15:47:05,195  		errdisable recovery cause psecure-violation
2018-02-28 15:47:05,195  		errdisable recovery cause pause-rate-limit
2018-02-28 15:47:05,195  		errdisable recovery cause miscabling
2018-02-28 15:47:05,195  		port-channel load-balance ethernet source-dest-port
2018-02-28 15:47:05,195  		no ip igmp snooping
2018-02-28 15:47:05,195  		snmp-server user admin network-admin auth md5 0x4ebbbd2270486d393f7ed9d081f3d35b priv 0x4ebbbd2270486d393f7ed9d081f3d35b localizedkey
2018-02-28 15:47:05,196  		snmp-server user evogaming network-admin auth md5 0x4ebbbd2270486d393f7ed9d081f3d35b priv 0x4ebbbd2270486d393f7ed9d081f3d35b localizedkey
2018-02-28 15:47:05,196  		ntp distribute
2018-02-28 15:47:05,196  		ntp commit
2018-02-28 15:47:05,196  		aaa authentication login default group TacacsGroup local
2018-02-28 15:47:05,196  		aaa accounting default group TacacsGroup
2018-02-28 15:47:05,196  		aaa authentication login ascii-authentication
2018-02-28 15:47:05,196  		tacacs-server directed-request
2018-02-28 15:47:05,196  		spanning-tree port type edge bpduguard default
2018-02-28 15:47:05,196  		spanning-tree vlan 1-3967 priority 8192
2018-02-28 15:47:05,196  		spanning-tree pseudo-information
2018-02-28 15:47:05,196  		policy-map type network-qos jumbo
2018-02-28 15:47:05,196  		system qos
2018-02-28 15:47:05,196  
2018-02-28 15:47:05,196  	SYSLOG configuration: 
2018-02-28 15:47:05,197  		SYSLOG server not set
2018-02-28 15:47:05,197  
2018-02-28 15:47:05,197  	Users validation:
2018-02-28 15:47:05,198  	User missing:
2018-02-28 15:47:05,198  		username admin password 5 $1$axjLk2q3$eZj.8dWWChj3bR0YEemND1  role network-admin
2018-02-28 15:47:05,198  		username evogaming password 5 $1$FN/4pmVr$.KyzWEyIt21kEr9Kgm5BC.  role network-admin
2018-02-28 15:47:05,199  
2018-02-28 15:47:05,199  	Redundant users:
2018-02-28 15:47:05,199  		username admin password 5 $5$SQy/tmIj$42hkukNe4ROx4Hs88YzMfOZjdR4r31IZ9l7zwbeElnC  role network-admin
2018-02-28 15:47:05,199  		username admin role network-operator
2018-02-28 15:47:05,199  		username evogaming password 5 $5$FLcMhC4I$CLGR7q1xQYCrbLSYvYAC.xXjRu.cweX/Eldzu3wL5T.  role network-admin
2018-02-28 15:47:05,199  		username evogaming role network-operator
2018-02-28 15:47:05,199  
2018-02-28 15:47:05,199  	NTP config validation:
2018-02-28 15:47:05,199  	NTP server config missing:
2018-02-28 15:47:05,199  		ntp server 10.30.235.210 prefer use-vrf management
2018-02-28 15:47:05,199  		ntp server 10.30.9.210 prefer use-vrf management
2018-02-28 15:47:05,199  	NTP server redundant config:
2018-02-28 15:47:05,199  		ntp server 10.4.2.220 use-vrf management
2018-02-28 15:47:05,199  		ntp server 10.4.2.221 use-vrf management
2018-02-28 15:47:05,199  
2018-02-28 15:47:05,199  rix3-03-p031-cnx: finished
2018-02-28 15:47:05,199  Validation result for rix3-03-p030-cnx
2018-02-28 15:47:05,200  	Mandatory config lines missed: 
2018-02-28 15:47:05,200  		logging event link-status default
2018-02-28 15:47:05,200  		logging event trunk-status default
2018-02-28 15:47:05,200  		errdisable recovery cause link-flap
2018-02-28 15:47:05,200  		errdisable recovery cause udld
2018-02-28 15:47:05,200  		errdisable recovery cause bpduguard
2018-02-28 15:47:05,200  		errdisable recovery cause loopback
2018-02-28 15:47:05,200  		errdisable recovery cause psecure-violation
2018-02-28 15:47:05,200  		errdisable recovery cause pause-rate-limit
2018-02-28 15:47:05,200  		errdisable recovery cause miscabling
2018-02-28 15:47:05,200  		port-channel load-balance ethernet source-dest-port
2018-02-28 15:47:05,200  		no ip igmp snooping
2018-02-28 15:47:05,200  		snmp-server contact EVO_Infra_NOC
2018-02-28 15:47:05,200  		snmp-server user admin network-admin auth md5 0x4ebbbd2270486d393f7ed9d081f3d35b priv 0x4ebbbd2270486d393f7ed9d081f3d35b localizedkey
2018-02-28 15:47:05,200  		snmp-server user evogaming network-admin auth md5 0x4ebbbd2270486d393f7ed9d081f3d35b priv 0x4ebbbd2270486d393f7ed9d081f3d35b localizedkey
2018-02-28 15:47:05,200  		ntp distribute
2018-02-28 15:47:05,200  		ntp commit
2018-02-28 15:47:05,200  		aaa authentication login default group TacacsGroup local
2018-02-28 15:47:05,201  		aaa accounting default group TacacsGroup
2018-02-28 15:47:05,201  		aaa authentication login ascii-authentication
2018-02-28 15:47:05,201  		tacacs-server directed-request
2018-02-28 15:47:05,201  		spanning-tree port type edge bpduguard default
2018-02-28 15:47:05,201  		spanning-tree vlan 1-3967 priority 8192
2018-02-28 15:47:05,201  		spanning-tree pseudo-information
2018-02-28 15:47:05,201  		policy-map type network-qos jumbo
2018-02-28 15:47:05,201  		system qos
2018-02-28 15:47:05,201  
2018-02-28 15:47:05,201  	SYSLOG configuration: 
2018-02-28 15:47:05,202  		SYSLOG server not set
2018-02-28 15:47:05,202  
2018-02-28 15:47:05,202  	Users validation:
2018-02-28 15:47:05,203  	User missing:
2018-02-28 15:47:05,203  		username admin password 5 $1$axjLk2q3$eZj.8dWWChj3bR0YEemND1  role network-admin
2018-02-28 15:47:05,203  		username evogaming password 5 $1$FN/4pmVr$.KyzWEyIt21kEr9Kgm5BC.  role network-admin
2018-02-28 15:47:05,203  
2018-02-28 15:47:05,203  	Redundant users:
2018-02-28 15:47:05,203  		username admin password 5 $5$SQy/tmIj$42hkukNe4ROx4Hs88YzMfOZjdR4r31IZ9l7zwbeElnC  role network-admin
2018-02-28 15:47:05,203  		username admin role network-operator
2018-02-28 15:47:05,203  		username evogaming password 5 $5$FLcMhC4I$CLGR7q1xQYCrbLSYvYAC.xXjRu.cweX/Eldzu3wL5T.  role network-admin
2018-02-28 15:47:05,204  		username evogaming role network-operator
2018-02-28 15:47:05,204  
2018-02-28 15:47:05,204  	NTP config validation:
2018-02-28 15:47:05,204  	NTP server config missing:
2018-02-28 15:47:05,204  		ntp server 10.30.235.210 prefer use-vrf management
2018-02-28 15:47:05,204  		ntp server 10.30.9.210 prefer use-vrf management
2018-02-28 15:47:05,204  	NTP server redundant config:
2018-02-28 15:47:05,204  		ntp server 10.4.2.220 use-vrf management
2018-02-28 15:47:05,204  		ntp server 10.4.2.221 use-vrf management
2018-02-28 15:47:05,204  
2018-02-28 15:47:05,204  rix3-03-p030-cnx: finished
2018-02-28 15:47:05,204  Validation result for rix1-02-p200-cnx
2018-02-28 15:47:05,204  	Mandatory config lines missed: 
2018-02-28 15:47:05,205  
2018-02-28 15:47:05,205  	SYSLOG configuration: 
2018-02-28 15:47:05,209  	Redundant SYSLOG config
2018-02-28 15:47:05,209  		logging server 10.30.230.90 7 use-vrf management
2018-02-28 15:47:05,209  
2018-02-28 15:47:05,209  	Users validation:
2018-02-28 15:47:05,213  	User missing:
2018-02-28 15:47:05,213  		username evogaming password 5 $1$FN/4pmVr$.KyzWEyIt21kEr9Kgm5BC.  role network-admin
2018-02-28 15:47:05,214  
2018-02-28 15:47:05,214  	Redundant users:
2018-02-28 15:47:05,214  		username evogaming password 5 $1$FN/4pmVr$.KyzWEyIt21kEr9Kgm5BC.  role network-operator
2018-02-28 15:47:05,214  		username evogaming role network-admin
2018-02-28 15:47:05,214  
2018-02-28 15:47:05,214  	NTP config validation:
2018-02-28 15:47:05,214  	NTP server config missing:
2018-02-28 15:47:05,214  
2018-02-28 15:47:05,214  rix1-02-p200-cnx: finished
2018-02-28 15:47:05,214  Validation result for rix1-02-p201-cnx
2018-02-28 15:47:05,215  	Mandatory config lines missed: 
2018-02-28 15:47:05,215  
2018-02-28 15:47:05,215  	SYSLOG configuration: 
2018-02-28 15:47:05,219  	Redundant SYSLOG config
2018-02-28 15:47:05,219  		logging server 10.30.230.90 7 use-vrf management
2018-02-28 15:47:05,219  
2018-02-28 15:47:05,219  	Users validation:
2018-02-28 15:47:05,224  	User missing:
2018-02-28 15:47:05,224  		username evogaming password 5 $1$FN/4pmVr$.KyzWEyIt21kEr9Kgm5BC.  role network-admin
2018-02-28 15:47:05,224  
2018-02-28 15:47:05,224  	Redundant users:
2018-02-28 15:47:05,224  		username evogaming password 5 $1$FN/4pmVr$.KyzWEyIt21kEr9Kgm5BC.  role network-operator
2018-02-28 15:47:05,224  		username evogaming role network-admin
2018-02-28 15:47:05,224  
2018-02-28 15:47:05,224  	NTP config validation:
2018-02-28 15:47:05,224  	NTP server config missing:
2018-02-28 15:47:05,224  
2018-02-28 15:47:05,224  rix1-02-p201-cnx: finished
2018-02-28 15:47:05,224  Validation result for hkg2-05-p003-cnx
2018-02-28 15:47:05,225  	Mandatory config lines missed: 
2018-02-28 15:47:05,225  		logging event link-status default
2018-02-28 15:47:05,225  		errdisable recovery cause pause-rate-limit
2018-02-28 15:47:05,225  		errdisable recovery cause miscabling
2018-02-28 15:47:05,225  		port-channel load-balance ethernet source-dest-port
2018-02-28 15:47:05,225  		ntp distribute
2018-02-28 15:47:05,225  		ntp commit
2018-02-28 15:47:05,225  		aaa authentication login default group TacacsGroup local
2018-02-28 15:47:05,225  		aaa accounting default group TacacsGroup
2018-02-28 15:47:05,225  		aaa authentication login ascii-authentication
2018-02-28 15:47:05,225  		tacacs-server directed-request
2018-02-28 15:47:05,225  		spanning-tree port type edge bpduguard default
2018-02-28 15:47:05,225  		spanning-tree vlan 1-3967 priority 8192
2018-02-28 15:47:05,225  		spanning-tree pseudo-information
2018-02-28 15:47:05,225  
2018-02-28 15:47:05,225  	SYSLOG configuration: 
2018-02-28 15:47:05,227  	Redundant SYSLOG config
2018-02-28 15:47:05,227  		logging server 10.1.13.122 5 use-vrf management
2018-02-28 15:47:05,227  
2018-02-28 15:47:05,227  	Users validation:
2018-02-28 15:47:05,228  	User missing:
2018-02-28 15:47:05,228  
2018-02-28 15:47:05,228  	Redundant users:
2018-02-28 15:47:05,228  		username mucenieks password 5 $1$kjhg$HCIPntY42Evzu0eJFT4/O/  role network-admin
2018-02-28 15:47:05,228  
2018-02-28 15:47:05,228  	NTP config validation:
2018-02-28 15:47:05,228  	NTP server config missing:
2018-02-28 15:47:05,228  		ntp server 10.30.235.210 prefer use-vrf management
2018-02-28 15:47:05,228  		ntp server 10.30.9.210 prefer use-vrf management
2018-02-28 15:47:05,228  	NTP server redundant config:
2018-02-28 15:47:05,228  		ntp server 10.30.9.210 use-vrf management
2018-02-28 15:47:05,228  		ntp server 10.30.235.210 use-vrf management
2018-02-28 15:47:05,228  
2018-02-28 15:47:05,228  hkg2-05-p003-cnx: finished
